Determining if the pthread_create exist failed with the following output:
Change Dir: /home/brucemingxinliu/ros_ws/build/CMakeFiles/CMakeTmp

Run Build Command:/usr/bin/make "cmTryCompileExec1748717129/fast"
/usr/bin/make -f CMakeFiles/cmTryCompileExec1748717129.dir/build.make CMakeFiles/cmTryCompileExec1748717129.dir/build
make[1]: Entering directory `/home/brucemingxinliu/ros_ws/build/CMakeFiles/CMakeTmp'
/usr/bin/cmake -E cmake_progress_report /home/brucemingxinliu/ros_ws/build/CMakeFiles/CMakeTmp/CMakeFiles 1
Building C object CMakeFiles/cmTryCompileExec1748717129.dir/CheckSymbolExists.c.o
/usr/bin/cc    -o CMakeFiles/cmTryCompileExec1748717129.dir/CheckSymbolExists.c.o   -c /home/brucemingxinliu/ros_ws/build/CMakeFiles/CMakeTmp/CheckSymbolExists.c
Linking C executable cmTryCompileExec1748717129
/usr/bin/cmake -E cmake_link_script CMakeFiles/cmTryCompileExec1748717129.dir/link.txt --verbose=1
/usr/bin/cc       CMakeFiles/cmTryCompileExec1748717129.dir/CheckSymbolExists.c.o  -o cmTryCompileExec1748717129 -rdynamic 
CMakeFiles/cmTryCompileExec1748717129.dir/CheckSymbolExists.c.o: In function `main':
CheckSymbolExists.c:(.text+0x16): undefined reference to `pthread_create'
collect2: error: ld returned 1 exit status
make[1]: Leaving directory `/home/brucemingxinliu/ros_ws/build/CMakeFiles/CMakeTmp'
make[1]: *** [cmTryCompileExec1748717129] Error 1
make: *** [cmTryCompileExec1748717129/fast] Error 2

File /home/brucemingxinliu/ros_ws/build/CMakeFiles/CMakeTmp/CheckSymbolExists.c:
/* */
#include <pthread.h>

int main(int argc, char** argv)
{
  (void)argv;
#ifndef pthread_create
  return ((int*)(&pthread_create))[argc];
#else
  (void)argc;
  return 0;
#endif
}

Determining if the function pthread_create exists in the pthreads failed with the following output:
Change Dir: /home/brucemingxinliu/ros_ws/build/CMakeFiles/CMakeTmp

Run Build Command:/usr/bin/make "cmTryCompileExec4141111429/fast"
/usr/bin/make -f CMakeFiles/cmTryCompileExec4141111429.dir/build.make CMakeFiles/cmTryCompileExec4141111429.dir/build
make[1]: Entering directory `/home/brucemingxinliu/ros_ws/build/CMakeFiles/CMakeTmp'
/usr/bin/cmake -E cmake_progress_report /home/brucemingxinliu/ros_ws/build/CMakeFiles/CMakeTmp/CMakeFiles 1
Building C object CMakeFiles/cmTryCompileExec4141111429.dir/CheckFunctionExists.c.o
/usr/bin/cc   -DCHECK_FUNCTION_EXISTS=pthread_create   -o CMakeFiles/cmTryCompileExec4141111429.dir/CheckFunctionExists.c.o   -c /usr/share/cmake-2.8/Modules/CheckFunctionExists.c
Linking C executable cmTryCompileExec4141111429
/usr/bin/cmake -E cmake_link_script CMakeFiles/cmTryCompileExec4141111429.dir/link.txt --verbose=1
/usr/bin/cc   -DCHECK_FUNCTION_EXISTS=pthread_create    CMakeFiles/cmTryCompileExec4141111429.dir/CheckFunctionExists.c.o  -o cmTryCompileExec4141111429 -rdynamic -lpthreads 
/usr/bin/ld: cannot find -lpthreads
collect2: error: ld returned 1 exit status
make[1]: *** [cmTryCompileExec4141111429] Error 1
make[1]: Leaving directory `/home/brucemingxinliu/ros_ws/build/CMakeFiles/CMakeTmp'
make: *** [cmTryCompileExec4141111429/fast] Error 2


Determining if the Q_WS_WIN exist failed with the following output:
Change Dir: /home/brucemingxinliu/ros_ws/build/CMakeFiles/CMakeTmp

Run Build Command:/usr/bin/make "cmTryCompileExec625142481/fast"
/usr/bin/make -f CMakeFiles/cmTryCompileExec625142481.dir/build.make CMakeFiles/cmTryCompileExec625142481.dir/build
make[1]: Entering directory `/home/brucemingxinliu/ros_ws/build/CMakeFiles/CMakeTmp'
/usr/bin/cmake -E cmake_progress_report /home/brucemingxinliu/ros_ws/build/CMakeFiles/CMakeTmp/CMakeFiles 1
Building CXX object CMakeFiles/cmTryCompileExec625142481.dir/CheckSymbolExists.cxx.o
/usr/bin/c++    -I/usr/include/qt4    -o CMakeFiles/cmTryCompileExec625142481.dir/CheckSymbolExists.cxx.o -c /home/brucemingxinliu/ros_ws/build/CMakeFiles/CMakeTmp/CheckSymbolExists.cxx
/home/brucemingxinliu/ros_ws/build/CMakeFiles/CMakeTmp/CheckSymbolExists.cxx: In function ‘int main(int, char**)’:
/home/brucemingxinliu/ros_ws/build/CMakeFiles/CMakeTmp/CheckSymbolExists.cxx:8:19: error: ‘Q_WS_WIN’ was not declared in this scope
   return ((int*)(&Q_WS_WIN))[argc];
                   ^
make[1]: Leaving directory `/home/brucemingxinliu/ros_ws/build/CMakeFiles/CMakeTmp'
make[1]: *** [CMakeFiles/cmTryCompileExec625142481.dir/CheckSymbolExists.cxx.o] Error 1
make: *** [cmTryCompileExec625142481/fast] Error 2

File /home/brucemingxinliu/ros_ws/build/CMakeFiles/CMakeTmp/CheckSymbolExists.cxx:
/* */
#include <QtCore/qglobal.h>

int main(int argc, char** argv)
{
  (void)argv;
#ifndef Q_WS_WIN
  return ((int*)(&Q_WS_WIN))[argc];
#else
  (void)argc;
  return 0;
#endif
}

Determining if the Q_WS_QWS exist failed with the following output:
Change Dir: /home/brucemingxinliu/ros_ws/build/CMakeFiles/CMakeTmp

Run Build Command:/usr/bin/make "cmTryCompileExec2702520517/fast"
/usr/bin/make -f CMakeFiles/cmTryCompileExec2702520517.dir/build.make CMakeFiles/cmTryCompileExec2702520517.dir/build
make[1]: Entering directory `/home/brucemingxinliu/ros_ws/build/CMakeFiles/CMakeTmp'
/usr/bin/cmake -E cmake_progress_report /home/brucemingxinliu/ros_ws/build/CMakeFiles/CMakeTmp/CMakeFiles 1
Building CXX object CMakeFiles/cmTryCompileExec2702520517.dir/CheckSymbolExists.cxx.o
/usr/bin/c++    -I/usr/include/qt4    -o CMakeFiles/cmTryCompileExec2702520517.dir/CheckSymbolExists.cxx.o -c /home/brucemingxinliu/ros_ws/build/CMakeFiles/CMakeTmp/CheckSymbolExists.cxx
/home/brucemingxinliu/ros_ws/build/CMakeFiles/CMakeTmp/CheckSymbolExists.cxx: In function ‘int main(int, char**)’:
/home/brucemingxinliu/ros_ws/build/CMakeFiles/CMakeTmp/CheckSymbolExists.cxx:8:19: error: ‘Q_WS_QWS’ was not declared in this scope
   return ((int*)(&Q_WS_QWS))[argc];
                   ^
make[1]: Leaving directory `/home/brucemingxinliu/ros_ws/build/CMakeFiles/CMakeTmp'
make[1]: *** [CMakeFiles/cmTryCompileExec2702520517.dir/CheckSymbolExists.cxx.o] Error 1
make: *** [cmTryCompileExec2702520517/fast] Error 2

File /home/brucemingxinliu/ros_ws/build/CMakeFiles/CMakeTmp/CheckSymbolExists.cxx:
/* */
#include <QtCore/qglobal.h>

int main(int argc, char** argv)
{
  (void)argv;
#ifndef Q_WS_QWS
  return ((int*)(&Q_WS_QWS))[argc];
#else
  (void)argc;
  return 0;
#endif
}

Determining if the Q_WS_MAC exist failed with the following output:
Change Dir: /home/brucemingxinliu/ros_ws/build/CMakeFiles/CMakeTmp

Run Build Command:/usr/bin/make "cmTryCompileExec1590244413/fast"
/usr/bin/make -f CMakeFiles/cmTryCompileExec1590244413.dir/build.make CMakeFiles/cmTryCompileExec1590244413.dir/build
make[1]: Entering directory `/home/brucemingxinliu/ros_ws/build/CMakeFiles/CMakeTmp'
/usr/bin/cmake -E cmake_progress_report /home/brucemingxinliu/ros_ws/build/CMakeFiles/CMakeTmp/CMakeFiles 1
Building CXX object CMakeFiles/cmTryCompileExec1590244413.dir/CheckSymbolExists.cxx.o
/usr/bin/c++    -I/usr/include/qt4    -o CMakeFiles/cmTryCompileExec1590244413.dir/CheckSymbolExists.cxx.o -c /home/brucemingxinliu/ros_ws/build/CMakeFiles/CMakeTmp/CheckSymbolExists.cxx
/home/brucemingxinliu/ros_ws/build/CMakeFiles/CMakeTmp/CheckSymbolExists.cxx: In function ‘int main(int, char**)’:
/home/brucemingxinliu/ros_ws/build/CMakeFiles/CMakeTmp/CheckSymbolExists.cxx:8:19: error: ‘Q_WS_MAC’ was not declared in this scope
   return ((int*)(&Q_WS_MAC))[argc];
                   ^
make[1]: Leaving directory `/home/brucemingxinliu/ros_ws/build/CMakeFiles/CMakeTmp'
make[1]: *** [CMakeFiles/cmTryCompileExec1590244413.dir/CheckSymbolExists.cxx.o] Error 1
make: *** [cmTryCompileExec1590244413/fast] Error 2

File /home/brucemingxinliu/ros_ws/build/CMakeFiles/CMakeTmp/CheckSymbolExists.cxx:
/* */
#include <QtCore/qglobal.h>

int main(int argc, char** argv)
{
  (void)argv;
#ifndef Q_WS_MAC
  return ((int*)(&Q_WS_MAC))[argc];
#else
  (void)argc;
  return 0;
#endif
}

